<?xml version="1.0" ?>
<!DOCTYPE coverage SYSTEM "http://cobertura.sourceforge.net/xml/coverage-04.dtd">
<coverage lines-valid="22" lines-covered="22" line-rate="1" branches-valid="6" branches-covered="6" branch-rate="1" timestamp="1503789977629" complexity="0" version="0.1">
  <sources>
    <source>/Users/david/Desktop/spy-light</source>
  </sources>
  <packages>
    <class name="spy.js" filename="src/spy.js" line-rate="1" branch-rate="1">
      <methods>
        <method name="spy" hits="13" signature="()V">
          <lines>
            <line number="1" hits="13"/>
          </lines>
        </method>
        <method name="fn" hits="85" signature="()V">
          <lines>
            <line number="2" hits="85"/>
          </lines>
        </method>
        <method name="(anonymous_2)" hits="12" signature="()V">
          <lines>
            <line number="13" hits="12"/>
          </lines>
        </method>
        <method name="(anonymous_3)" hits="34" signature="()V">
          <lines>
            <line number="16" hits="34"/>
          </lines>
        </method>
        <method name="compareStrategy" hits="23" signature="()V">
          <lines>
            <line number="28" hits="23"/>
          </lines>
        </method>
        <method name="compareObjTypes" hits="8" signature="()V">
          <lines>
            <line number="39" hits="8"/>
          </lines>
        </method>
        <method name="(anonymous_6)" hits="8" signature="()V">
          <lines>
            <line number="41" hits="8"/>
          </lines>
        </method>
        <method name="compareSimpleTypes" hits="15" signature="()V">
          <lines>
            <line number="49" hits="15"/>
          </lines>
        </method>
      </methods>
      <lines>
        <line number="3" hits="85" branch="false"/>
        <line number="4" hits="85" branch="false"/>
        <line number="5" hits="85" branch="false"/>
        <line number="6" hits="85" branch="false"/>
        <line number="9" hits="13" branch="false"/>
        <line number="10" hits="13" branch="false"/>
        <line number="11" hits="13" branch="false"/>
        <line number="13" hits="13" branch="false"/>
        <line number="14" hits="12" branch="false"/>
        <line number="16" hits="12" branch="false"/>
        <line number="17" hits="34" branch="true" condition-coverage="100% (2/2)"/>
        <line number="22" hits="12" branch="false"/>
        <line number="25" hits="13" branch="false"/>
        <line number="29" hits="23" branch="false"/>
        <line number="34" hits="23" branch="true" condition-coverage="100% (2/2)"/>
        <line number="40" hits="8" branch="false"/>
        <line number="41" hits="8" branch="false"/>
        <line number="42" hits="8" branch="true" condition-coverage="100% (2/2)"/>
        <line number="43" hits="4" branch="false"/>
        <line number="46" hits="8" branch="false"/>
        <line number="50" hits="15" branch="false"/>
        <line number="53" hits="1" branch="false"/>
      </lines>
    </class>
  </packages>
</coverage>
