TN:
SF:/Users/david/Desktop/spy-light/src/spy.js
FN:1,spy
FN:2,fn
FN:13,(anonymous_2)
FN:16,(anonymous_3)
FN:28,compareStrategy
FN:39,compareObjTypes
FN:41,(anonymous_6)
FN:49,compareSimpleTypes
FNF:8
FNH:8
FNDA:13,spy
FNDA:85,fn
FNDA:12,(anonymous_2)
FNDA:34,(anonymous_3)
FNDA:23,compareStrategy
FNDA:8,compareObjTypes
FNDA:8,(anonymous_6)
FNDA:15,compareSimpleTypes
DA:3,85
DA:4,85
DA:5,85
DA:6,85
DA:9,13
DA:10,13
DA:11,13
DA:13,13
DA:14,12
DA:16,12
DA:17,34
DA:22,12
DA:25,13
DA:29,23
DA:34,23
DA:40,8
DA:41,8
DA:42,8
DA:43,4
DA:46,8
DA:50,15
DA:53,1
LF:22
LH:22
BRDA:17,0,0,11
BRDA:17,0,1,23
BRDA:34,1,0,8
BRDA:34,1,1,15
BRDA:42,2,0,4
BRDA:42,2,1,4
BRF:6
BRH:6
end_of_record
